[2025-10-16 00:18:03] GET /users/68efc30c54ae1f1d2900d7a3 401 -- 0.796 ms
[2025-10-16 00:18:40] GET /users/68efc30c54ae1f1d2900d7a3 401 -- 0.523 ms
[2025-10-16 00:18:44] GET /users 401 -- 0.811 ms
[2025-10-16 00:18:48] PATCH /recipes/68efdfecd2b73ae779a69d91 401 -- 0.578 ms
[2025-10-16 00:18:49] PATCH /recipes/68efdfecd2b73ae779a69d91 401 -- 0.914 ms
[2025-10-16 00:18:49] PATCH /recipes/68efdfecd2b73ae779a69d91 401 -- 0.724 ms
[2025-10-16 00:18:52] PATCH /recipes/68efdfecd2b73ae779a69d91 401 -- 0.771 ms
[2025-10-16 00:24:07] GET /users/68efc30c54ae1f1d2900d7a3 401 -- 0.717 ms
[2025-10-16 00:36:46] PUT /users/68efe191f33690a5081a08ad 400 -- 1.101 ms
[2025-10-16 00:37:01] PUT /users/68efe191f33690a5081a08ad 400 -- 1.273 ms
[2025-10-16 00:37:27] PUT /users/68efe191f33690a5081a08ad 400 -- 0.902 ms
[2025-10-16 00:37:43] PUT /users/68efc30c54ae1f1d2900d7a3 400 -- 4.330 ms
[2025-10-16 00:41:21] PUT /users/68efc30c54ae1f1d2900d7a3 400 -- 8.548 ms
[2025-10-16 00:42:28] PUT /users/68efe191f33690a5081a08ad 400 -- 1.240 ms
[2025-10-16 00:59:48] PATCH /recipes/68efdfecd2b73ae779a69d91 401 -- 0.604 ms
[2025-10-16 00:59:51] PATCH /recipes/68efdfecd2b73ae779a69d91 401 -- 0.645 ms
[2025-10-16 00:59:52] PATCH /recipes/68efdfecd2b73ae779a69d91 401 -- 0.484 ms
[2025-10-16 00:59:54] PATCH /recipes/68efdfecd2b73ae779a69d91 401 -- 0.506 ms
[2025-10-16 01:00:03] PATCH /recipes/68efdc9fe811a7b4d9c804c5 401 -- 0.409 ms
[2025-10-16 01:04:10] PUT /recipes/68efdfecd2b73ae779a69d91 400 -- 5.509 ms
[2025-10-16 01:04:16] PUT /recipes/68efdfecd2b73ae779a69d91 400 -- 3.014 ms
[2025-10-16 01:04:28] PUT /recipes/68efdfecd2b73ae779a69d91 400 -- 2.385 ms
[2025-10-16 01:04:45] PUT /recipes/68efdfecd2b73ae779a69d91 400 -- 2.384 ms
[2025-10-16 01:08:44] POST /users 400 -- 2.510 ms
[2025-10-16 01:10:02] POST /users 400 -- 1.896 ms
[2025-10-16 01:17:41] POST /users/login 400 -- 1.202 ms
[2025-10-16 20:26:15] POST /users/login 400 -- 1.790 ms
[2025-10-16 20:28:57] POST /users/login 400 -- 59.588 ms
